<?xml version="1.0" encoding="UTF-8"?>
<!-- Generated by org.testng.reporters.JUnitReportReporter -->
<testsuite hostname="Abhijit" failures="0" tests="2" name="webelements.Actions_class" time="11.597" errors="0" timestamp="2025-05-30T17:18:42 IST" skipped="1">
  <testcase classname="webelements.Actions_class" name="pract02" time="11.597"/>
  <testcase classname="webelements.Actions_class" name="pract01">
    <skipped/>
  </testcase> <!-- pract01 -->
</testsuite> <!-- webelements.Actions_class -->
