<?xml version="1.0" encoding="UTF-8"?>
<!-- Generated by org.testng.reporters.JUnitReportReporter -->
<testsuite hostname="Abhijit" failures="0" tests="1" name="rest_api_testing.ResponseBodyClass" time="2.685" errors="0" timestamp="2025-04-11T13:23:39 IST" skipped="0">
  <testcase classname="rest_api_testing.ResponseBodyClass" name="deser" time="2.685"/>
  <system-out/>
</testsuite> <!-- rest_api_testing.ResponseBodyClass -->
