<?xml version="1.0" encoding="UTF-8"?>
<!-- Generated by org.testng.reporters.JUnitReportReporter -->
<testsuite hostname="Abhijit" failures="0" tests="1" name="rest_api_testing.Get_Method" time="2.609" errors="0" timestamp="2025-04-08T16:14:10 IST" skipped="0">
  <testcase classname="rest_api_testing.Get_Method" name="getmethod" time="2.609"/>
  <system-out/>
</testsuite> <!-- rest_api_testing.Get_Method -->
