<?xml version="1.0" encoding="UTF-8"?>
<!-- Generated by org.testng.reporters.JUnitReportReporter -->
<testsuite hostname="Abhijit" failures="0" tests="1" name="rest_api_testing.Patch_Method" time="3.098" errors="0" timestamp="2025-04-08T17:12:20 IST" skipped="0">
  <testcase classname="rest_api_testing.Patch_Method" name="PatchAPI" time="3.098"/>
  <system-out/>
</testsuite> <!-- rest_api_testing.Patch_Method -->
