<?xml version="1.0" encoding="UTF-8"?>
<!-- Generated by org.testng.reporters.JUnitReportReporter -->
<testsuite hostname="Abhijit" failures="0" tests="1" name="april03.AnnotationsTest" time="0.004" errors="0" timestamp="2025-04-04T19:02:07 IST" skipped="0">
  <testcase classname="april03.AnnotationsTest" name="f" time="0.004"/>
  <system-out/>
</testsuite> <!-- april03.AnnotationsTest -->
