<?xml version="1.0" encoding="UTF-8"?>
<!-- Generated by org.testng.reporters.JUnitReportReporter -->
<testsuite hostname="Abhijit" failures="0" tests="1" name="rest_api_testing.Headers_" time="3.551" errors="0" timestamp="2025-04-08T22:05:36 IST" skipped="0">
  <testcase classname="rest_api_testing.Headers_" name="HeadersValidation" time="3.551"/>
  <system-out/>
</testsuite> <!-- rest_api_testing.Headers_ -->
