<?xml version="1.0" encoding="UTF-8"?>
<!-- Generated by org.testng.reporters.JUnitReportReporter -->
<testsuite hostname="Abhijit" failures="0" tests="10" name="march_01_2025.Test_01" time="85.471" errors="0" timestamp="2025-04-04T19:37:06 IST" skipped="0">
  <testcase classname="march_01_2025.Test_01" name="exe" time="8.044"/>
  <system-out/>
  <testcase classname="march_01_2025.Test_01" name="exe" time="9.785"/>
  <system-out/>
  <testcase classname="march_01_2025.Test_01" name="exe" time="9.365"/>
  <system-out/>
  <testcase classname="march_01_2025.Test_01" name="exe" time="7.901"/>
  <system-out/>
  <testcase classname="march_01_2025.Test_01" name="exe" time="10.100"/>
  <system-out/>
  <testcase classname="march_01_2025.Test_01" name="exe" time="8.591"/>
  <system-out/>
  <testcase classname="march_01_2025.Test_01" name="exe" time="7.827"/>
  <system-out/>
  <testcase classname="march_01_2025.Test_01" name="exe" time="8.616"/>
  <system-out/>
  <testcase classname="march_01_2025.Test_01" name="exe" time="7.064"/>
  <system-out/>
  <testcase classname="march_01_2025.Test_01" name="exe" time="8.178"/>
  <system-out/>
</testsuite> <!-- march_01_2025.Test_01 -->
