<?xml version="1.0" encoding="UTF-8"?>
<!-- Generated by org.testng.reporters.JUnitReportReporter -->
<testsuite hostname="Abhijit" failures="0" tests="1" name="rest_api_testing.Post_Method" time="2.892" errors="0" timestamp="2025-04-08T16:39:55 IST" skipped="0">
  <testcase classname="rest_api_testing.Post_Method" name="PostAPI" time="2.892"/>
  <system-out/>
</testsuite> <!-- rest_api_testing.Post_Method -->
