<?xml version="1.0" encoding="UTF-8"?>
<!-- Generated by org.testng.reporters.JUnitReportReporter -->
<testsuite hostname="Abhijit" failures="0" tests="1" name="xyz.Privy" time="35.433" errors="0" timestamp="2024-02-12T22:33:15 IST" skipped="0">
  <testcase classname="xyz.Privy" name="verify" time="35.433"/>
  <system-out/>
</testsuite> <!-- xyz.Privy -->
