<?xml version="1.0" encoding="UTF-8"?>
<!-- Generated by org.testng.reporters.JUnitReportReporter -->
<testsuite hostname="Abhijit" failures="0" tests="1" name="rest_api_testing.Put_Method" time="3.065" errors="0" timestamp="2025-04-08T17:02:11 IST" skipped="0">
  <testcase classname="rest_api_testing.Put_Method" name="PutAPI" time="3.065"/>
  <system-out/>
</testsuite> <!-- rest_api_testing.Put_Method -->
